<?xml version="1.0" encoding="UTF-8"?>
<testng-results skipped="0" failed="0" ignored="0" total="1" passed="1">
  <reporter-output>
    <line>
      <![CDATA[Clicking on apparel linkBy.linkText: Apparel<br>]]>
    </line>
    <line>
      <![CDATA[Verify user navigate to apparel page successfullyBy.partialLinkText: Apparel<br>]]>
    </line>
    <line>
      <![CDATA[Clicking books linkBy.linkText: Books<br>]]>
    </line>
    <line>
      <![CDATA[Verify user navigate to books page successfullyBy.partialLinkText: Books<br>]]>
    </line>
    <line>
      <![CDATA[Clicking on computer linkBy.linkText: Computers<br>]]>
    </line>
    <line>
      <![CDATA[Verify user navigate to computer page successfullyBy.partialLinkText: Computers<br>]]>
    </line>
    <line>
      <![CDATA[Clicking on digital downloads linkBy.linkText: Digital downloads<br>]]>
    </line>
    <line>
      <![CDATA[Verify user navigate to digitaldownloads page successfullyBy.partialLinkText: Digital downloads<br>]]>
    </line>
    <line>
      <![CDATA[Clicking on electronics link By.linkText: Electronics<br>]]>
    </line>
    <line>
      <![CDATA[Verify user navigate to electronic page successfullyBy.partialLinkText: Electronics<br>]]>
    </line>
    <line>
      <![CDATA[Clicking on giftcards linkBy.linkText: Gift Cards<br>]]>
    </line>
    <line>
      <![CDATA[Verify user navigate to giftcards page successfullyBy.partialLinkText: Gift Cards<br>]]>
    </line>
    <line>
      <![CDATA[Clicking on jewelry linkBy.linkText: Jewelry<br>]]>
    </line>
    <line>
      <![CDATA[Verify user navigate to jewelry page successfullyBy.partialLinkText: Jewelry<br>]]>
    </line>
  </reporter-output>
  <suite name="Surefire suite" duration-ms="308" started-at="2021-06-13T01:30:18 BST" finished-at="2021-06-13T01:30:18 BST">
    <groups>
    </groups>
    <test name="Surefire test" duration-ms="308" started-at="2021-06-13T01:30:18 BST" finished-at="2021-06-13T01:30:18 BST">
      <class name="com.nopcommerce.demo.AppTest">
        <test-method status="PASS" signature="shouldAnswerWithTrue()" name="shouldAnswerWithTrue" duration-ms="34" started-at="2021-06-13T01:30:18 BST" finished-at="2021-06-13T01:30:18 BST">
          <reporter-output>
          </reporter-output>
        </test-method> <!-- shouldAnswerWithTrue -->
      </class> <!-- com.nopcommerce.demo.AppTest -->
    </test> <!-- Surefire test -->
  </suite> <!-- Surefire suite -->
</testng-results>
