<?xml version="1.0" encoding="UTF-8"?>
<!-- Generated by org.testng.reporters.JUnitXMLReporter -->
<testsuite hostname="DESKTOP-KDKBGFP" ignored="0" name="Surefire test" tests="7" failures="0" timestamp="2021-06-13T01:30:17 BST" time="98.784" errors="0">
  <testcase name="verifyUserShouldNavigateToApparelPage" time="3.425" classname="com.nopcommerce.demo.testsuits.TopMenuTest"/>
  <testcase name="verifyUserShouldNavigateToBooksPage" time="3.389" classname="com.nopcommerce.demo.testsuits.TopMenuTest"/>
  <testcase name="verifyUserShouldNavigateToComputerPage" time="3.322" classname="com.nopcommerce.demo.testsuits.TopMenuTest"/>
  <testcase name="verifyUserShouldNavigateToDigitalDownloadsPage" time="2.896" classname="com.nopcommerce.demo.testsuits.TopMenuTest"/>
  <testcase name="verifyUserShouldNavigateToElectronicsPage" time="2.916" classname="com.nopcommerce.demo.testsuits.TopMenuTest"/>
  <testcase name="verifyUserShouldNavigateToGiftCardsPage" time="3.404" classname="com.nopcommerce.demo.testsuits.TopMenuTest"/>
  <testcase name="verifyUserShouldNavigateToJewelrtPage" time="2.733" classname="com.nopcommerce.demo.testsuits.TopMenuTest"/>
</testsuite> <!-- Surefire test -->
